<?xml version="1.0" encoding="UTF-8"?>
<testsuite xmlns:xsi="http://www.w3.org/2001/XMLSchema-instance" xsi:noNamespaceSchemaLocation="https://maven.apache.org/surefire/maven-surefire-plugin/xsd/surefire-test-report.xsd" name="edu.uqu.cs.AppTest" time="0.143" tests="1" errors="0" skipped="0" failures="0">
  <properties>
    <property name="java.specification.version" value="18"/>
    <property name="sun.cpu.isalist" value="amd64"/>
    <property name="sun.jnu.encoding" value="Cp1256"/>
    <property name="java.class.path" value="C:\Users\kh781\github-classroom\uqu-cis-cs\getting-started-with-java-exercise-KhaledAlyasi\target\test-classes;C:\Users\kh781\github-classroom\uqu-cis-cs\getting-started-with-java-exercise-KhaledAlyasi\target\classes;C:\Users\kh781\.m2\repository\junit\junit\4.11\junit-4.11.jar;C:\Users\kh781\.m2\repository\org\hamcrest\hamcrest-core\1.3\hamcrest-core-1.3.jar;"/>
    <property name="java.vm.vendor" value="Oracle Corporation"/>
    <property name="sun.arch.data.model" value="64"/>
    <property name="user.variant" value=""/>
    <property name="java.vendor.url" value="https://java.oracle.com/"/>
    <property name="user.timezone" value="Asia/Riyadh"/>
    <property name="os.name" value="Windows 10"/>
    <property name="java.vm.specification.version" value="18"/>
    <property name="sun.java.launcher" value="SUN_STANDARD"/>
    <property name="user.country" value="US"/>
    <property name="sun.boot.library.path" value="C:\Users\kh781\scoop\apps\oraclejdk\current\bin"/>
    <property name="sun.java.command" value="C:\Users\kh781\AppData\Local\Temp\surefire12012915163554663862\surefirebooter18343271769248768880.jar C:\Users\kh781\AppData\Local\Temp\surefire12012915163554663862 2022-09-27T21-49-18_772-jvmRun1 surefire9530275687682472029tmp surefire_01531340765984053261tmp"/>
    <property name="jdk.debug" value="release"/>
    <property name="surefire.test.class.path" value="C:\Users\kh781\github-classroom\uqu-cis-cs\getting-started-with-java-exercise-KhaledAlyasi\target\test-classes;C:\Users\kh781\github-classroom\uqu-cis-cs\getting-started-with-java-exercise-KhaledAlyasi\target\classes;C:\Users\kh781\.m2\repository\junit\junit\4.11\junit-4.11.jar;C:\Users\kh781\.m2\repository\org\hamcrest\hamcrest-core\1.3\hamcrest-core-1.3.jar;"/>
    <property name="sun.cpu.endian" value="little"/>
    <property name="user.home" value="C:\Users\kh781"/>
    <property name="user.language" value="en"/>
    <property name="java.specification.vendor" value="Oracle Corporation"/>
    <property name="java.version.date" value="2022-08-18"/>
    <property name="java.home" value="C:\Users\kh781\scoop\apps\oraclejdk\current"/>
    <property name="file.separator" value="\"/>
    <property name="basedir" value="C:\Users\kh781\github-classroom\uqu-cis-cs\getting-started-with-java-exercise-KhaledAlyasi"/>
    <property name="java.vm.compressedOopsMode" value="Zero based"/>
    <property name="line.separator" value="&#10;"/>
    <property name="java.vm.specification.vendor" value="Oracle Corporation"/>
    <property name="java.specification.name" value="Java Platform API Specification"/>
    <property name="surefire.real.class.path" value="C:\Users\kh781\AppData\Local\Temp\surefire12012915163554663862\surefirebooter18343271769248768880.jar"/>
    <property name="user.script" value=""/>
    <property name="sun.management.compiler" value="HotSpot 64-Bit Tiered Compilers"/>
    <property name="java.runtime.version" value="18.0.2.1+1-1"/>
    <property name="user.name" value="kh781"/>
    <property name="path.separator" value=";"/>
    <property name="os.version" value="10.0"/>
    <property name="java.runtime.name" value="Java(TM) SE Runtime Environment"/>
    <property name="file.encoding" value="UTF-8"/>
    <property name="java.vm.name" value="Java HotSpot(TM) 64-Bit Server VM"/>
    <property name="localRepository" value="C:\Users\kh781\.m2\repository"/>
    <property name="java.vendor.url.bug" value="https://bugreport.java.com/bugreport/"/>
    <property name="java.io.tmpdir" value="C:\Users\kh781\AppData\Local\Temp\"/>
    <property name="java.version" value="18.0.2.1"/>
    <property name="user.dir" value="C:\Users\kh781\github-classroom\uqu-cis-cs\getting-started-with-java-exercise-KhaledAlyasi"/>
    <property name="os.arch" value="amd64"/>
    <property name="java.vm.specification.name" value="Java Virtual Machine Specification"/>
    <property name="sun.os.patch.level" value=""/>
    <property name="native.encoding" value="Cp1256"/>
    <property name="java.library.path" value="C:\Users\kh781\scoop\apps\oraclejdk\current\bin;C:\WINDOWS\Sun\Java\bin;C:\WINDOWS\system32;C:\WINDOWS;C:\Program Files\Common Files\Oracle\Java\javapath;C:\Program Files (x86)\Common Files\Oracle\Java\javapath;C:\WINDOWS\system32;C:\WINDOWS;C:\WINDOWS\System32\Wbem;C:\WINDOWS\System32\WindowsPowerShell\v1.0\;C:\WINDOWS\System32\OpenSSH\;C:\Program Files\apache-maven-3.8.6\bin;C:\Program Files\Java\jdk-18.0.2.1\bin;C:\Program Files\Git\cmd;C:\Program Files\GitHub CLI\;C:\Program Files\Java\jre1.8.0_341\bin;C:\Users\kh781\scoop\apps\vscode\current\bin;C:\Users\kh781\scoop\apps\maven\current\bin;C:\Users\kh781\scoop\apps\oraclejdk\current\bin;C:\Users\kh781\scoop\shims;C:\Users\kh781\AppData\Local\Microsoft\WindowsApps;C:\Users\kh781\AppData\Local\Programs\Microsoft VS Code\bin;."/>
    <property name="java.vm.info" value="mixed mode, sharing"/>
    <property name="java.vendor" value="Oracle Corporation"/>
    <property name="java.vm.version" value="18.0.2.1+1-1"/>
    <property name="sun.io.unicode.encoding" value="UnicodeLittle"/>
    <property name="java.class.version" value="62.0"/>
  </properties>
  <testcase name="shouldAnswerWithTrue" classname="edu.uqu.cs.AppTest" time="0"/>
</testsuite>